<?xml version="1.0" encoding="UTF-8"?>
<testng-results skipped="0" failed="0" total="1" passed="1">
  <reporter-output>
  </reporter-output>
  <suite name="Default suite" duration-ms="17474" started-at="2019-01-31T08:36:38Z" finished-at="2019-01-31T08:36:55Z">
    <groups>
    </groups>
    <test name="Default test" duration-ms="17474" started-at="2019-01-31T08:36:38Z" finished-at="2019-01-31T08:36:55Z">
      <class name="com.qa.abhibus.base.TestBase">
        <test-method status="PASS" signature="initialization()[pri:0, instance:com.qa.abhibus.base.TestBase@1604f19]" name="initialization" duration-ms="17417" started-at="2019-01-31T14:06:38Z" finished-at="2019-01-31T14:06:55Z">
          <reporter-output>
          </reporter-output>
        </test-method> <!-- initialization -->
      </class> <!-- com.qa.abhibus.base.TestBase -->
    </test> <!-- Default test -->
  </suite> <!-- Default suite -->
</testng-results>
